<?xml version="1.0" encoding="UTF-8"?>
<!-- Generated by org.testng.reporters.JUnitReportReporter -->
<testsuite hostname="DESKTOP-UJEM81M" failures="0" tests="6" name="firstDatabaseTest.firstDatabaseTest.AppTest" time="0.390" errors="0" timestamp="2025-05-14T16:48:25 GMT+03:00" skipped="1">
  <testcase classname="firstDatabaseTest.firstDatabaseTest.AppTest" name="UpdateDatabase" time="0.015"/>
  <testcase classname="firstDatabaseTest.firstDatabaseTest.AppTest" name="FirstName" time="0.184"/>
  <testcase classname="firstDatabaseTest.firstDatabaseTest.AppTest" name="LastName" time="0.066"/>
  <testcase classname="firstDatabaseTest.firstDatabaseTest.AppTest" name="Email" time="0.058"/>
  <testcase classname="firstDatabaseTest.firstDatabaseTest.AppTest" name="Password" time="0.067"/>
  <testcase classname="firstDatabaseTest.firstDatabaseTest.AppTest" name="InsertIntoDatabase">
    <skipped/>
  </testcase> <!-- InsertIntoDatabase -->
</testsuite> <!-- firstDatabaseTest.firstDatabaseTest.AppTest -->
